Command line:
   ro_isim_beh.exe
     -simmode  gui
     -simrunnum  0
     -socket  50100

Wed Mar 20 17:01:47 2019


 Elaboration Time: 0.109375 sec

 Current Memory Usage: 5810.21 Meg

 Total Signals          : 166
 Total Nets             : 495
 Total Signal Drivers   : 268
 Total Blocks           : 26
 Total Primitive Blocks : 25
 Total Processes        : 290
 Total Traceable Variables  : 39
 Total Scalar Nets and Variables : 629
In process top.vCont_48_0 
 FATAL ERROR:ISim: This application has discovered an exceptional condition from which it cannot recover. Process will terminate. To search for possible resolutions to this issue, refer to the Xilinx answer database by going to http://www.xilinx.com/support/answers/index.htm and search with keywords 'ISim' and 'FATAL ERROR'. For technical support on this issue, please open a WebCase with this project attached at http://www.xilinx.com/support.

 Total Simulation Time: 0.359375 sec

 Current Memory Usage: 5390.39 Meg

Wed Mar 20 17:02:53 2019

